0 info it worked if it ends with ok
1 verbose cli [ '/usr/local/Cellar/node/6.1.0/bin/node',
1 verbose cli   '/usr/local/bin/npm',
1 verbose cli   'run-script',
1 verbose cli   'server' ]
2 info using npm@3.8.6
3 info using node@v6.1.0
4 verbose run-script [ 'preserver', 'server', 'postserver' ]
5 info lifecycle my-project-name@0.1.0~preserver: my-project-name@0.1.0
6 silly lifecycle my-project-name@0.1.0~preserver: no script for preserver, continuing
7 info lifecycle my-project-name@0.1.0~server: my-project-name@0.1.0
8 verbose lifecycle my-project-name@0.1.0~server: unsafe-perm in lifecycle true
9 verbose lifecycle my-project-name@0.1.0~server: PATH: /usr/local/lib/node_modules/npm/bin/node-gyp-bin:/Users/ian/Documents/GitHub/intotheokavango/node_modules/.bin:/usr/local/Cellar/node/6.1.0/bin:/usr/local/bin:/usr/bin:/bin:/usr/sbin:/sbin:/usr/local/MacGPG2/bin
10 verbose lifecycle my-project-name@0.1.0~server: CWD: /Users/ian/Documents/GitHub/intotheokavango
11 silly lifecycle my-project-name@0.1.0~server: Args: [ '-c', 'webpack-dev-server --inline --hot' ]
12 silly lifecycle my-project-name@0.1.0~server: Returned: code: 1  signal: null
13 info lifecycle my-project-name@0.1.0~server: Failed to exec server script
14 verbose stack Error: my-project-name@0.1.0 server: `webpack-dev-server --inline --hot`
14 verbose stack Exit status 1
14 verbose stack     at EventEmitter.<anonymous> (/usr/local/lib/node_modules/npm/lib/utils/lifecycle.js:239:16)
14 verbose stack     at emitTwo (events.js:106:13)
14 verbose stack     at EventEmitter.emit (events.js:191:7)
14 verbose stack     at ChildProcess.<anonymous> (/usr/local/lib/node_modules/npm/lib/utils/spawn.js:24:14)
14 verbose stack     at emitTwo (events.js:106:13)
14 verbose stack     at ChildProcess.emit (events.js:191:7)
14 verbose stack     at maybeClose (internal/child_process.js:850:16)
14 verbose stack     at Process.ChildProcess._handle.onexit (internal/child_process.js:215:5)
15 verbose pkgid my-project-name@0.1.0
16 verbose cwd /Users/ian/Documents/GitHub/intotheokavango
17 error Darwin 15.3.0
18 error argv "/usr/local/Cellar/node/6.1.0/bin/node" "/usr/local/bin/npm" "run-script" "server"
19 error node v6.1.0
20 error npm  v3.8.6
21 error code ELIFECYCLE
22 error my-project-name@0.1.0 server: `webpack-dev-server --inline --hot`
22 error Exit status 1
23 error Failed at the my-project-name@0.1.0 server script 'webpack-dev-server --inline --hot'.
23 error Make sure you have the latest version of node.js and npm installed.
23 error If you do, this is most likely a problem with the my-project-name package,
23 error not with npm itself.
23 error Tell the author that this fails on your system:
23 error     webpack-dev-server --inline --hot
23 error You can get information on how to open an issue for this project with:
23 error     npm bugs my-project-name
23 error Or if that isn't available, you can get their info via:
23 error     npm owner ls my-project-name
23 error There is likely additional logging output above.
24 verbose exit [ 1, true ]
